<?xml version="1.0" encoding="UTF-8"?>
<!-- Generated by org.testng.reporters.JUnitReportReporter -->
<testsuite hostname="LIN41006109" failures="0" tests="5" name="tests.GenerateLoad" time="2.798" errors="0" timestamp="2022-07-14T07:13:10 IST" skipped="0">
  <testcase classname="tests.GenerateLoad" name="validateRequest" time="0.904"/>
  <system-out/>
  <testcase classname="tests.GenerateLoad" name="validateRequest" time="1.650"/>
  <system-out/>
  <testcase classname="tests.GenerateLoad" name="validateRequest" time="0.089"/>
  <system-out/>
  <testcase classname="tests.GenerateLoad" name="validateRequest" time="0.075"/>
  <system-out/>
  <testcase classname="tests.GenerateLoad" name="validateRequest" time="0.080"/>
  <system-out/>
</testsuite> <!-- tests.GenerateLoad -->